<!DOCTYPE html>
<html>
<head>
<meta http-equiv="Content-Type" content="text/html; charset=utf-8"/>
<meta http-equiv="x-ua-compatible" content="IE=edge"/>
<title>Test results - Class org.smartregister.view.activity.NativeHomeActivityTest</title>
<link href="../css/base-style.css" rel="stylesheet" type="text/css"/>
<link href="../css/style.css" rel="stylesheet" type="text/css"/>
<script src="../js/report.js" type="text/javascript"></script>
</head>
<body>
<div id="content">
<h1>Class org.smartregister.view.activity.NativeHomeActivityTest</h1>
<div class="breadcrumbs">
<a href="../index.html">all</a> &gt; 
<a href="../packages/org.smartregister.view.activity.html">org.smartregister.view.activity</a> &gt; NativeHomeActivityTest</div>
<div id="summary">
<table>
<tr>
<td>
<div class="summaryGroup">
<table>
<tr>
<td>
<div class="infoBox" id="tests">
<div class="counter">4</div>
<p>tests</p>
</div>
</td>
<td>
<div class="infoBox" id="failures">
<div class="counter">0</div>
<p>failures</p>
</div>
</td>
<td>
<div class="infoBox" id="ignored">
<div class="counter">2</div>
<p>ignored</p>
</div>
</td>
<td>
<div class="infoBox" id="duration">
<div class="counter">11.078s</div>
<p>duration</p>
</div>
</td>
</tr>
</table>
</div>
</td>
<td>
<div class="infoBox skipped" id="successRate">
<div class="percent">100%</div>
<p>successful</p>
</div>
</td>
</tr>
</table>
</div>
<div id="tabs">
<ul class="tabLinks">
<li>
<a href="#tab0">Tests</a>
</li>
<li>
<a href="#tab1">Standard error</a>
</li>
</ul>
<div id="tab0" class="tab">
<h2>Tests</h2>
<table>
<thead>
<tr>
<th>Test</th>
<th>Duration</th>
<th>Result</th>
</tr>
</thead>
<tr>
<td class="success">assertHomeActivityNotNull</td>
<td class="success">10.587s</td>
<td class="success">passed</td>
</tr>
<tr>
<td class="success">shouldLaunchEcRegisterOnPressingEcRegisterButton</td>
<td class="success">0.491s</td>
<td class="success">passed</td>
</tr>
<tr>
<td class="skipped">shouldLaunchReportingActivityOnPressingReportingButton</td>
<td class="skipped">-</td>
<td class="skipped">ignored</td>
</tr>
<tr>
<td class="skipped">shouldLaunchVideosActivityOnPressingVideosButton</td>
<td class="skipped">-</td>
<td class="skipped">ignored</td>
</tr>
</table>
</div>
<div id="tab1" class="tab">
<h2>Standard error</h2>
<span class="code">
<pre>Properties file org/powermock/default.properties is found in 2 places: 
ConfigurationSource{location='file:/home/travis/.gradle/caches/modules-2/files-2.1/org.powermock/powermock-core/1.7.1/590d998f70a97c66d32ff5f1f040f308decbdd0c/powermock-core-1.7.1.jar!/org/powermock/default.properties}
ConfigurationSource{location='file:/home/travis/.gradle/caches/modules-2/files-2.1/org.powermock/powermock-core/1.7.1/590d998f70a97c66d32ff5f1f040f308decbdd0c/powermock-core-1.7.1.jar!/org/powermock/default.properties}. Which one will be used is undefined. Please, remove duplicated configuration file (or second PowerMock jar file) from class path to have stable tests.Properties file org/powermock/default.properties is found in 2 places: 
ConfigurationSource{location='file:/home/travis/.gradle/caches/modules-2/files-2.1/org.powermock/powermock-core/1.7.1/590d998f70a97c66d32ff5f1f040f308decbdd0c/powermock-core-1.7.1.jar!/org/powermock/default.properties}
Exception in thread &quot;AsyncTask #1&quot; java.lang.RuntimeException: An error occured while executing doInBackground()
	at org.robolectric.shadows.ShadowAsyncTask$1.done(ShadowAsyncTask.java:56)
	at java.util.concurrent.FutureTask.finishCompletion(FutureTask.java:384)
	at java.util.concurrent.FutureTask.setException(FutureTask.java:251)
	at java.util.concurrent.FutureTask.run(FutureTask.java:271)
	at org.robolectric.shadows.ShadowAsyncTask$3.run(ShadowAsyncTask.java:108)
	at java.util.concurrent.ThreadPoolExecutor.runWorker(ThreadPoolExecutor.java:1149)
	at java.util.concurrent.ThreadPoolExecutor$Worker.run(ThreadPoolExecutor.java:624)
	at java.lang.Thread.run(Thread.java:748)
Caused by: java.lang.NullPointerException
	at org.smartregister.view.controller.NativeUpdateANMDetailsTask$1.doInBackground(NativeUpdateANMDetailsTask.java:30)
	at org.smartregister.view.controller.NativeUpdateANMDetailsTask$1.doInBackground(NativeUpdateANMDetailsTask.java:21)
	at sun.reflect.NativeMethodAccessorImpl.invoke0(Native Method)
	at sun.reflect.NativeMethodAccessorImpl.invoke(NativeMethodAccessorImpl.java:62)
	at sun.reflect.DelegatingMethodAccessorImpl.invoke(DelegatingMethodAccessorImpl.java:43)
	at java.lang.reflect.Method.invoke(Method.java:498)
	at org.robolectric.util.ReflectionHelpers$7.run(ReflectionHelpers.java:216)
	at org.robolectric.util.ReflectionHelpers.traverseClassHierarchy(ReflectionHelpers.java:362)
	at org.robolectric.util.ReflectionHelpers.callInstanceMethod(ReflectionHelpers.java:210)
	at org.robolectric.shadows.ShadowAsyncTaskBridge.doInBackground(ShadowAsyncTaskBridge.java:20)
	at org.robolectric.shadows.ShadowAsyncTask$BackgroundWorker.call(ShadowAsyncTask.java:146)
	at java.util.concurrent.FutureTask.run(FutureTask.java:266)
	... 4 more
ConfigurationSource{location='file:/home/travis/.gradle/caches/modules-2/files-2.1/org.powermock/powermock-core/1.7.1/590d998f70a97c66d32ff5f1f040f308decbdd0c/powermock-core-1.7.1.jar!/org/powermock/default.properties}. Which one will be used is undefined. Please, remove duplicated configuration file (or second PowerMock jar file) from class path to have stable tests.Exception in thread &quot;AsyncTask #3&quot; java.lang.RuntimeException: An error occured while executing doInBackground()
	at org.robolectric.shadows.ShadowAsyncTask$1.done(ShadowAsyncTask.java:56)
	at java.util.concurrent.FutureTask.finishCompletion(FutureTask.java:384)
	at java.util.concurrent.FutureTask.setException(FutureTask.java:251)
	at java.util.concurrent.FutureTask.run(FutureTask.java:271)
	at org.robolectric.shadows.ShadowAsyncTask$3.run(ShadowAsyncTask.java:108)
	at java.util.concurrent.ThreadPoolExecutor.runWorker(ThreadPoolExecutor.java:1149)
	at java.util.concurrent.ThreadPoolExecutor$Worker.run(ThreadPoolExecutor.java:624)
	at java.lang.Thread.run(Thread.java:748)
Caused by: java.lang.NullPointerException
	at org.smartregister.view.controller.NativeUpdateANMDetailsTask$1.doInBackground(NativeUpdateANMDetailsTask.java:30)
	at org.smartregister.view.controller.NativeUpdateANMDetailsTask$1.doInBackground(NativeUpdateANMDetailsTask.java:21)
	at sun.reflect.NativeMethodAccessorImpl.invoke0(Native Method)
	at sun.reflect.NativeMethodAccessorImpl.invoke(NativeMethodAccessorImpl.java:62)
	at sun.reflect.DelegatingMethodAccessorImpl.invoke(DelegatingMethodAccessorImpl.java:43)
	at java.lang.reflect.Method.invoke(Method.java:498)
	at org.robolectric.util.ReflectionHelpers$7.run(ReflectionHelpers.java:216)
	at org.robolectric.util.ReflectionHelpers.traverseClassHierarchy(ReflectionHelpers.java:362)
	at org.robolectric.util.ReflectionHelpers.callInstanceMethod(ReflectionHelpers.java:210)
	at org.robolectric.shadows.ShadowAsyncTaskBridge.doInBackground(ShadowAsyncTaskBridge.java:20)
	at org.robolectric.shadows.ShadowAsyncTask$BackgroundWorker.call(ShadowAsyncTask.java:146)
	at java.util.concurrent.FutureTask.run(FutureTask.java:266)
	... 4 more
</pre>
</span>
</div>
</div>
<div id="footer">
<p>
<div>
<label class="hidden" id="label-for-line-wrapping-toggle" for="line-wrapping-toggle">Wrap lines
<input id="line-wrapping-toggle" type="checkbox" autocomplete="off"/>
</label>
</div>Generated by 
<a href="http://www.gradle.org">Gradle 4.8</a> at Apr 6, 2020 7:08:45 PM</p>
</div>
</div>
</body>
</html>
